make --dry-run --always-make --keep-going --print-directory
make: Entering directory '/workspace/oopproject1'
/home/linuxbrew/.linuxbrew/Cellar/cmake/3.23.1/bin/cmake -S/workspace/oopproject1 -B/workspace/oopproject1 --check-build-system CMakeFiles/Makefile.cmake 0
/home/linuxbrew/.linuxbrew/Cellar/cmake/3.23.1/bin/cmake -E cmake_progress_start /workspace/oopproject1/CMakeFiles /workspace/oopproject1//CMakeFiles/progress.marks
make -s -f CMakeFiles/Makefile2 all
make[1]: Entering directory '/workspace/oopproject1'
make -s -f CMakeFiles/oopproject1.dir/build.make CMakeFiles/oopproject1.dir/depend
make[2]: Entering directory '/workspace/oopproject1'
cd /workspace/oopproject1 && /home/linuxbrew/.linuxbrew/Cellar/cmake/3.23.1/bin/cmake -E cmake_depends "Unix Makefiles" /workspace/oopproject1 /workspace/oopproject1 /workspace/oopproject1 /workspace/oopproject1 /workspace/oopproject1/CMakeFiles/oopproject1.dir/DependInfo.cmake --color=
make[2]: Leaving directory '/workspace/oopproject1'
make -s -f CMakeFiles/oopproject1.dir/build.make CMakeFiles/oopproject1.dir/build
make[2]: Entering directory '/workspace/oopproject1'
/home/linuxbrew/.linuxbrew/Cellar/cmake/3.23.1/bin/cmake -E cmake_echo_color --switch= --green --progress-dir=/workspace/oopproject1/CMakeFiles --progress-num=1 "Building CXX object CMakeFiles/oopproject1.dir/main.cpp.o"
/usr/bin/c++    -MD -MT CMakeFiles/oopproject1.dir/main.cpp.o -MF CMakeFiles/oopproject1.dir/main.cpp.o.d -o CMakeFiles/oopproject1.dir/main.cpp.o -c /workspace/oopproject1/main.cpp
/home/linuxbrew/.linuxbrew/Cellar/cmake/3.23.1/bin/cmake -E cmake_echo_color --switch= --green --bold --progress-dir=/workspace/oopproject1/CMakeFiles --progress-num=2 "Linking CXX executable oopproject1"
/home/linuxbrew/.linuxbrew/Cellar/cmake/3.23.1/bin/cmake -E cmake_link_script CMakeFiles/oopproject1.dir/link.txt --verbose=
make[2]: Leaving directory '/workspace/oopproject1'
/home/linuxbrew/.linuxbrew/Cellar/cmake/3.23.1/bin/cmake -E cmake_echo_color --switch= --progress-dir=/workspace/oopproject1/CMakeFiles --progress-num=1,2 "Built target oopproject1"
make[1]: Leaving directory '/workspace/oopproject1'
/home/linuxbrew/.linuxbrew/Cellar/cmake/3.23.1/bin/cmake -E cmake_progress_start /workspace/oopproject1/CMakeFiles 0
make: Leaving directory '/workspace/oopproject1'
 
